RT-AC1200GU_3.0.0.4_380_10413-g7ed1dda.trx